-------------------------------------------------------------------------------
Test set: catering.businesslogic.kitchen.RemoveMemberFromEventTest
-------------------------------------------------------------------------------
Tests run: 3, Failures: 3, Errors: 0, Skipped: 0, Time elapsed: 0.402 s <<< FAILURE! -- in catering.businesslogic.kitchen.RemoveMemberFromEventTest
catering.businesslogic.kitchen.RemoveMemberFromEventTest.testRemoveMember_Success -- Time elapsed: 0.016 s <<< FAILURE!
org.opentest4j.AssertionFailedError: Il membro dovrebbe essere rimosso con successo ==> expected: <true> but was: <false>
	at org.junit.jupiter.api.AssertionFailureBuilder.build(AssertionFailureBuilder.java:151)
	at org.junit.jupiter.api.AssertionFailureBuilder.buildAndThrow(AssertionFailureBuilder.java:132)
	at org.junit.jupiter.api.AssertTrue.failNotTrue(AssertTrue.java:63)
	at org.junit.jupiter.api.AssertTrue.assertTrue(AssertTrue.java:36)
	at org.junit.jupiter.api.Assertions.assertTrue(Assertions.java:214)
	at catering.businesslogic.kitchen.RemoveMemberFromEventTest.testRemoveMember_Success(RemoveMemberFromEventTest.java:47)
	at java.base/java.lang.reflect.Method.invoke(Method.java:569)
	at java.base/java.util.ArrayList.forEach(ArrayList.java:1511)
	at java.base/java.util.ArrayList.forEach(ArrayList.java:1511)

catering.businesslogic.kitchen.RemoveMemberFromEventTest.testRemoveMember_NullStaffMember_Throws -- Time elapsed: 0.012 s <<< FAILURE!
org.opentest4j.AssertionFailedError: Expected catering.businesslogic.UseCaseLogicException to be thrown, but nothing was thrown.
	at org.junit.jupiter.api.AssertionFailureBuilder.build(AssertionFailureBuilder.java:152)
	at org.junit.jupiter.api.AssertThrows.assertThrows(AssertThrows.java:73)
	at org.junit.jupiter.api.AssertThrows.assertThrows(AssertThrows.java:35)
	at org.junit.jupiter.api.Assertions.assertThrows(Assertions.java:3128)
	at catering.businesslogic.kitchen.RemoveMemberFromEventTest.testRemoveMember_NullStaffMember_Throws(RemoveMemberFromEventTest.java:55)
	at java.base/java.lang.reflect.Method.invoke(Method.java:569)
	at java.base/java.util.ArrayList.forEach(ArrayList.java:1511)
	at java.base/java.util.ArrayList.forEach(ArrayList.java:1511)

catering.businesslogic.kitchen.RemoveMemberFromEventTest.testRemoveMember_UserNotOrganizer_Throws -- Time elapsed: 0.012 s <<< FAILURE!
org.opentest4j.AssertionFailedError: Expected catering.businesslogic.UseCaseLogicException to be thrown, but nothing was thrown.
	at org.junit.jupiter.api.AssertionFailureBuilder.build(AssertionFailureBuilder.java:152)
	at org.junit.jupiter.api.AssertThrows.assertThrows(AssertThrows.java:73)
	at org.junit.jupiter.api.AssertThrows.assertThrows(AssertThrows.java:35)
	at org.junit.jupiter.api.Assertions.assertThrows(Assertions.java:3128)
	at catering.businesslogic.kitchen.RemoveMemberFromEventTest.testRemoveMember_UserNotOrganizer_Throws(RemoveMemberFromEventTest.java:67)
	at java.base/java.lang.reflect.Method.invoke(Method.java:569)
	at java.base/java.util.ArrayList.forEach(ArrayList.java:1511)
	at java.base/java.util.ArrayList.forEach(ArrayList.java:1511)

