-------------------------------------------------------------------------------
Test set: catering.CreateSummarySchemeTest
-------------------------------------------------------------------------------
Tests run: 3, Failures: 0, Errors: 2, Skipped: 0, Time elapsed: 0.372 s <<< FAILURE! -- in catering.CreateSummarySchemeTest
catering.CreateSummarySchemeTest.testCreateSummaryScheme_NoEventSelected_Throws -- Time elapsed: 0.020 s <<< ERROR!
java.lang.NullPointerException: Cannot invoke "catering.businesslogic.event.EventManager.setSelectedEvent(catering.businesslogic.event.Event)" because "catering.CreateSummarySchemeTest.eventManager" is null
	at catering.CreateSummarySchemeTest.testCreateSummaryScheme_NoEventSelected_Throws(CreateSummarySchemeTest.java:78)
	at java.base/java.lang.reflect.Method.invoke(Method.java:569)
	at java.base/java.util.ArrayList.forEach(ArrayList.java:1511)
	at java.base/java.util.ArrayList.forEach(ArrayList.java:1511)

catering.CreateSummarySchemeTest.testCreateSummaryScheme_NonOrganizer_Throws -- Time elapsed: 0.015 s <<< ERROR!
java.lang.NullPointerException: Cannot invoke "catering.businesslogic.event.EventManager.setSelectedEvent(catering.businesslogic.event.Event)" because "catering.CreateSummarySchemeTest.eventManager" is null
	at catering.CreateSummarySchemeTest.testCreateSummaryScheme_NonOrganizer_Throws(CreateSummarySchemeTest.java:91)
	at java.base/java.lang.reflect.Method.invoke(Method.java:569)
	at java.base/java.util.ArrayList.forEach(ArrayList.java:1511)
	at java.base/java.util.ArrayList.forEach(ArrayList.java:1511)

