<?xml version="1.0" encoding="UTF-8"?>
<testsuite xmlns:xsi="http://www.w3.org/2001/XMLSchema-instance" xsi:noNamespaceSchemaLocation="https://maven.apache.org/surefire/maven-surefire-plugin/xsd/surefire-test-report-3.0.xsd" version="3.0" name="catering.businesslogic.kitchen.GetVacationRequestTest" time="0.547" tests="3" errors="3" skipped="0" failures="0">
  <properties>
[...]
</properties>
  <testcase name="testGetVacation_Success" classname="catering.businesslogic.kitchen.GetVacationRequestTest" time="0.025">
    <error message="Error loading vacations for staff member ID 2" type="java.lang.RuntimeException"><![CDATA[java.lang.RuntimeException: Error loading vacations for staff member ID 2
	at catering.businesslogic.staff.Vacation.loadByStaffMemberId(Vacation.java:97)
	at catering.businesslogic.staff.StaffMember.loadVacations(StaffMember.java:161)
	at catering.businesslogic.kitchen.GetVacationRequestTest.setup(GetVacationRequestTest.java:41)
	at java.base/java.lang.reflect.Method.invoke(Method.java:569)
	at java.base/java.util.ArrayList.forEach(ArrayList.java:1511)
	at java.base/java.util.ArrayList.forEach(ArrayList.java:1511)
Caused by: java.sql.SQLException: Error parsing time stamp
	at org.sqlite.jdbc3.JDBC3ResultSet.getDate(JDBC3ResultSet.java:280)
	at org.sqlite.jdbc3.JDBC3ResultSet.getDate(JDBC3ResultSet.java:295)
	at catering.businesslogic.staff.Vacation.loadByStaffMemberId(Vacation.java:87)
	... 5 more
Caused by: java.text.ParseException: Unparseable date: "2023-12-20" does not match (\p{Nd}++)\Q-\E(\p{Nd}++)\Q-\E(\p{Nd}++)\Q \E(\p{Nd}++)\Q:\E(\p{Nd}++)\Q:\E(\p{Nd}++)\Q.\E(\p{Nd}++)
	at org.sqlite.date.FastDateParser.parse(FastDateParser.java:311)
	at org.sqlite.date.FastDateFormat.parse(FastDateFormat.java:449)
	at org.sqlite.jdbc3.JDBC3ResultSet.getDate(JDBC3ResultSet.java:278)
	... 7 more
]]></error>
    <system-err><![CDATA[2025-07-10 09:32:51.111 [INFO] catering.persistence.PersistenceManager: Database initialized successfully from database/catering_init_sqlite.sql
]]></system-err>
  </testcase>
  <testcase name="testGetVacation_StaffMemberNull_Throws" classname="catering.businesslogic.kitchen.GetVacationRequestTest" time="0.017">
    <error message="Error loading vacations for staff member ID 2" type="java.lang.RuntimeException"><![CDATA[java.lang.RuntimeException: Error loading vacations for staff member ID 2
	at catering.businesslogic.staff.Vacation.loadByStaffMemberId(Vacation.java:97)
	at catering.businesslogic.staff.StaffMember.loadVacations(StaffMember.java:161)
	at catering.businesslogic.kitchen.GetVacationRequestTest.setup(GetVacationRequestTest.java:41)
	at java.base/java.lang.reflect.Method.invoke(Method.java:569)
	at java.base/java.util.ArrayList.forEach(ArrayList.java:1511)
	at java.base/java.util.ArrayList.forEach(ArrayList.java:1511)
Caused by: java.sql.SQLException: Error parsing time stamp
	at org.sqlite.jdbc3.JDBC3ResultSet.getDate(JDBC3ResultSet.java:280)
	at org.sqlite.jdbc3.JDBC3ResultSet.getDate(JDBC3ResultSet.java:295)
	at catering.businesslogic.staff.Vacation.loadByStaffMemberId(Vacation.java:87)
	... 5 more
Caused by: java.text.ParseException: Unparseable date: "2023-12-20" does not match (\p{Nd}++)\Q-\E(\p{Nd}++)\Q-\E(\p{Nd}++)\Q \E(\p{Nd}++)\Q:\E(\p{Nd}++)\Q:\E(\p{Nd}++)\Q.\E(\p{Nd}++)
	at org.sqlite.date.FastDateParser.parse(FastDateParser.java:311)
	at org.sqlite.date.FastDateFormat.parse(FastDateFormat.java:449)
	at org.sqlite.jdbc3.JDBC3ResultSet.getDate(JDBC3ResultSet.java:278)
	... 7 more
]]></error>
  </testcase>
  <testcase name="testGetVacation_UserNotOrganizer_Throws" classname="catering.businesslogic.kitchen.GetVacationRequestTest" time="0.017">
    <error message="Error loading vacations for staff member ID 2" type="java.lang.RuntimeException"><![CDATA[java.lang.RuntimeException: Error loading vacations for staff member ID 2
	at catering.businesslogic.staff.Vacation.loadByStaffMemberId(Vacation.java:97)
	at catering.businesslogic.staff.StaffMember.loadVacations(StaffMember.java:161)
	at catering.businesslogic.kitchen.GetVacationRequestTest.setup(GetVacationRequestTest.java:41)
	at java.base/java.lang.reflect.Method.invoke(Method.java:569)
	at java.base/java.util.ArrayList.forEach(ArrayList.java:1511)
	at java.base/java.util.ArrayList.forEach(ArrayList.java:1511)
Caused by: java.sql.SQLException: Error parsing time stamp
	at org.sqlite.jdbc3.JDBC3ResultSet.getDate(JDBC3ResultSet.java:280)
	at org.sqlite.jdbc3.JDBC3ResultSet.getDate(JDBC3ResultSet.java:295)
	at catering.businesslogic.staff.Vacation.loadByStaffMemberId(Vacation.java:87)
	... 5 more
Caused by: java.text.ParseException: Unparseable date: "2023-12-20" does not match (\p{Nd}++)\Q-\E(\p{Nd}++)\Q-\E(\p{Nd}++)\Q \E(\p{Nd}++)\Q:\E(\p{Nd}++)\Q:\E(\p{Nd}++)\Q.\E(\p{Nd}++)
	at org.sqlite.date.FastDateParser.parse(FastDateParser.java:311)
	at org.sqlite.date.FastDateFormat.parse(FastDateFormat.java:449)
	at org.sqlite.jdbc3.JDBC3ResultSet.getDate(JDBC3ResultSet.java:278)
	... 7 more
]]></error>
  </testcase>
</testsuite>