<?xml version="1.0" encoding="UTF-8"?>
<testsuite xmlns:xsi="http://www.w3.org/2001/XMLSchema-instance" xsi:noNamespaceSchemaLocation="https://maven.apache.org/surefire/maven-surefire-plugin/xsd/surefire-test-report-3.0.xsd" version="3.0" name="catering.businesslogic.kitchen.RemoveMemberFromEventTest" time="0.52" tests="4" errors="0" skipped="0" failures="1">
  <properties>
[...]
</properties>
  <testcase name="testRemoveMember_Success" classname="catering.businesslogic.kitchen.RemoveMemberFromEventTest" time="0.023">
    <system-err><![CDATA[2025-07-10 09:32:51.671 [INFO] catering.persistence.PersistenceManager: Database initialized successfully from database/catering_init_sqlite.sql
2025-07-10 09:32:51.687 [INFO] catering.businesslogic.user.UserManager: Attempting login for user: Francesca
2025-07-10 09:32:51.690 [INFO] catering.businesslogic.user.UserManager: User successfully logged in: Francesca
2025-07-10 09:32:51.694 [INFO] catering.businesslogic.staff.Team: Rimosso dal DB staffMember_id=2
2025-07-10 09:32:51.695 [INFO] catering.businesslogic.staff.Team: Rimosso in memoria staffMember_id=2
]]></system-err>
  </testcase>
  <testcase name="testRemoveMember_NullIdStaffMember_Throws" classname="catering.businesslogic.kitchen.RemoveMemberFromEventTest" time="0.02">
    <system-err><![CDATA[2025-07-10 09:32:51.712 [INFO] catering.businesslogic.user.UserManager: Attempting login for user: Francesca
2025-07-10 09:32:51.715 [INFO] catering.businesslogic.user.UserManager: User successfully logged in: Francesca
]]></system-err>
  </testcase>
  <testcase name="testRemoveMember_UserNotOrganizer_Throws" classname="catering.businesslogic.kitchen.RemoveMemberFromEventTest" time="0.02">
    <system-err><![CDATA[2025-07-10 09:32:51.735 [INFO] catering.businesslogic.user.UserManager: Attempting login for user: Antonio
2025-07-10 09:32:51.737 [INFO] catering.businesslogic.user.UserManager: User successfully logged in: Antonio
]]></system-err>
  </testcase>
  <testcase name="testRemoveMember_TeamBeingModified_Throws" classname="catering.businesslogic.kitchen.RemoveMemberFromEventTest" time="0.021">
    <failure message="Unexpected exception type thrown, expected: &lt;catering.businesslogic.UseCaseLogicException&gt; but was: &lt;java.util.ConcurrentModificationException&gt;" type="org.opentest4j.AssertionFailedError"><![CDATA[org.opentest4j.AssertionFailedError: Unexpected exception type thrown, expected: <catering.businesslogic.UseCaseLogicException> but was: <java.util.ConcurrentModificationException>
	at org.junit.jupiter.api.AssertionFailureBuilder.build(AssertionFailureBuilder.java:151)
	at org.junit.jupiter.api.AssertThrows.assertThrows(AssertThrows.java:67)
	at org.junit.jupiter.api.AssertThrows.assertThrows(AssertThrows.java:35)
	at org.junit.jupiter.api.Assertions.assertThrows(Assertions.java:3128)
	at catering.businesslogic.kitchen.RemoveMemberFromEventTest.testRemoveMember_TeamBeingModified_Throws(RemoveMemberFromEventTest.java:132)
	at java.base/java.lang.reflect.Method.invoke(Method.java:569)
	at java.base/java.util.ArrayList.forEach(ArrayList.java:1511)
	at java.base/java.util.ArrayList.forEach(ArrayList.java:1511)
Caused by: java.util.ConcurrentModificationException: Team is currently being modified. Cannot remove members.
	at catering.businesslogic.staff.StaffManager.RemoveMemberFromEvent(StaffManager.java:169)
	at catering.businesslogic.kitchen.RemoveMemberFromEventTest.lambda$5(RemoveMemberFromEventTest.java:133)
	at org.junit.jupiter.api.AssertThrows.assertThrows(AssertThrows.java:53)
	... 6 more
]]></failure>
    <system-err><![CDATA[2025-07-10 09:32:51.754 [INFO] catering.businesslogic.user.UserManager: Attempting login for user: Francesca
2025-07-10 09:32:51.756 [INFO] catering.businesslogic.user.UserManager: User successfully logged in: Francesca
]]></system-err>
  </testcase>
</testsuite>