<?xml version="1.0" encoding="UTF-8"?>
<testsuite xmlns:xsi="http://www.w3.org/2001/XMLSchema-instance" xsi:noNamespaceSchemaLocation="https://maven.apache.org/surefire/maven-surefire-plugin/xsd/surefire-test-report-3.0.xsd" version="3.0" name="catering.businesslogic.kitchen.OfferPermanentJobTest" time="0.04" tests="3" errors="0" skipped="0" failures="0">
  <properties>
[...]
</properties>
  <testcase name="testOfferPermanentJob_Success" classname="catering.businesslogic.kitchen.OfferPermanentJobTest" time="0.014">
    <system-err><![CDATA[2025-07-10 14:44:21.607 [INFO] catering.businesslogic.user.UserManager: Attempting login for user: Francesca
2025-07-10 14:44:21.611 [INFO] catering.businesslogic.user.UserManager: User successfully logged in: Francesca
2025-07-10 14:44:21.611 [INFO] catering.businesslogic.staff.StaffManager: Offering permanent job to staff member Luigi Bianchi
]]></system-err>
  </testcase>
  <testcase name="testOfferPermanentJob_NullStaffMember_Throws" classname="catering.businesslogic.kitchen.OfferPermanentJobTest" time="0.013">
    <system-err><![CDATA[2025-07-10 14:44:21.621 [INFO] catering.businesslogic.user.UserManager: Attempting login for user: Francesca
2025-07-10 14:44:21.624 [INFO] catering.businesslogic.user.UserManager: User successfully logged in: Francesca
]]></system-err>
  </testcase>
  <testcase name="testOfferPermanentJob_UserNotOrganizer_Throws" classname="catering.businesslogic.kitchen.OfferPermanentJobTest" time="0.01">
    <system-err><![CDATA[2025-07-10 14:44:21.632 [INFO] catering.businesslogic.user.UserManager: Attempting login for user: Antonio
2025-07-10 14:44:21.635 [INFO] catering.businesslogic.user.UserManager: User successfully logged in: Antonio
]]></system-err>
  </testcase>
</testsuite>